<?xml version="1.0" encoding="UTF-8"?>
<testsuite xmlns:xsi="http://www.w3.org/2001/XMLSchema-instance" xsi:noNamespaceSchemaLocation="https://maven.apache.org/surefire/maven-surefire-plugin/xsd/surefire-test-report.xsd" version="3.0.2" name="com.sis.Model.UsuarioTest" time="0.1" tests="32" errors="0" skipped="0" failures="0">
  <properties>
[...]
</properties>
  <testcase name="usuarioNuevoDeberiaEstarActivoPorDefecto" classname="com.sis.Model.UsuarioTest" time="0.003"/>
  <testcase name="setApellidos" classname="com.sis.Model.UsuarioTest" time="0.006"/>
  <testcase name="constructorPorDefectoDeberiaCrearUsuarioVacio" classname="com.sis.Model.UsuarioTest" time="0.003"/>
  <testcase name="cambiarEstadoActivoAInactivo" classname="com.sis.Model.UsuarioTest" time="0.002"/>
  <testcase name="getTipoDocumento" classname="com.sis.Model.UsuarioTest" time="0.002"/>
  <testcase name="getNombres" classname="com.sis.Model.UsuarioTest" time="0.001"/>
  <testcase name="getDireccion" classname="com.sis.Model.UsuarioTest" time="0.002"/>
  <testcase name="isActivo" classname="com.sis.Model.UsuarioTest" time="0.002"/>
  <testcase name="getNombreCompleto" classname="com.sis.Model.UsuarioTest" time="0.001"/>
  <testcase name="usuarioConCamposNulosDeberiaSerValido" classname="com.sis.Model.UsuarioTest" time="0.005"/>
  <testcase name="setCreadoEn" classname="com.sis.Model.UsuarioTest" time="0.002"/>
  <testcase name="getCreadoEn" classname="com.sis.Model.UsuarioTest" time="0.003"/>
  <testcase name="getHash" classname="com.sis.Model.UsuarioTest" time="0.001"/>
  <testcase name="setActivo" classname="com.sis.Model.UsuarioTest" time="0.001"/>
  <testcase name="getId" classname="com.sis.Model.UsuarioTest" time="0.001"/>
  <testcase name="setId" classname="com.sis.Model.UsuarioTest" time="0.002"/>
  <testcase name="setDireccion" classname="com.sis.Model.UsuarioTest" time="0.002"/>
  <testcase name="setNombres" classname="com.sis.Model.UsuarioTest" time="0.002"/>
  <testcase name="getNumeroDocumento" classname="com.sis.Model.UsuarioTest" time="0.002"/>
  <testcase name="getApellidos" classname="com.sis.Model.UsuarioTest" time="0.002"/>
  <testcase name="onCreate" classname="com.sis.Model.UsuarioTest" time="0.001"/>
  <testcase name="todosLosTiposDeDocumentoSonValidos" classname="com.sis.Model.UsuarioTest" time="0.008"/>
  <testcase name="setTipoDocumento" classname="com.sis.Model.UsuarioTest" time="0.003"/>
  <testcase name="setEmail" classname="com.sis.Model.UsuarioTest" time="0.003"/>
  <testcase name="onCreateNoSobrescribeFechaExistente" classname="com.sis.Model.UsuarioTest" time="0.003"/>
  <testcase name="setUsername" classname="com.sis.Model.UsuarioTest" time="0.002"/>
  <testcase name="getNombreCompletoConNombresNulos" classname="com.sis.Model.UsuarioTest" time="0.002"/>
  <testcase name="getUsername" classname="com.sis.Model.UsuarioTest" time="0.001"/>
  <testcase name="setNumeroDocumento" classname="com.sis.Model.UsuarioTest" time="0.002"/>
  <testcase name="getEmail" classname="com.sis.Model.UsuarioTest" time="0.0"/>
  <testcase name="setHash" classname="com.sis.Model.UsuarioTest" time="0.0"/>
  <testcase name="usuarioCompletoDeberiaTenerTodosLosCampos" classname="com.sis.Model.UsuarioTest" time="0.005"/>
</testsuite>