<?xml version="1.0" encoding="UTF-8"?>
<testsuite xmlns:xsi="http://www.w3.org/2001/XMLSchema-instance" xsi:noNamespaceSchemaLocation="https://maven.apache.org/surefire/maven-surefire-plugin/xsd/surefire-test-report.xsd" version="3.0.2" name="com.sis.Model.UsuarioTest" time="5.487" tests="32" errors="0" skipped="0" failures="0">
  <properties>
[...]
</properties>
  <testcase name="usuarioNuevoDeberiaEstarActivoPorDefecto" classname="com.sis.Model.UsuarioTest" time="5.198">
    <system-err><![CDATA[Mockito is currently self-attaching to enable the inline-mock-maker. This will no longer work in future releases of the JDK. Please add Mockito as an agent to your build as described in Mockito's documentation: https://javadoc.io/doc/org.mockito/mockito-core/latest/org.mockito/org/mockito/Mockito.html#0.3
WARNING: A Java agent has been loaded dynamically (/root/.m2/repository/net/bytebuddy/byte-buddy-agent/1.17.7/byte-buddy-agent-1.17.7.jar)
WARNING: If a serviceability tool is in use, please run with -XX:+EnableDynamicAgentLoading to hide this warning
WARNING: If a serviceability tool is not in use, please run with -Djdk.instrument.traceUsage for more information
WARNING: Dynamic loading of agents will be disallowed by default in a future release
]]></system-err>
  </testcase>
  <testcase name="setApellidos" classname="com.sis.Model.UsuarioTest" time="0.017"/>
  <testcase name="constructorPorDefectoDeberiaCrearUsuarioVacio" classname="com.sis.Model.UsuarioTest" time="0.007"/>
  <testcase name="cambiarEstadoActivoAInactivo" classname="com.sis.Model.UsuarioTest" time="0.006"/>
  <testcase name="getTipoDocumento" classname="com.sis.Model.UsuarioTest" time="0.024"/>
  <testcase name="getNombres" classname="com.sis.Model.UsuarioTest" time="0.002"/>
  <testcase name="getDireccion" classname="com.sis.Model.UsuarioTest" time="0.003"/>
  <testcase name="isActivo" classname="com.sis.Model.UsuarioTest" time="0.002"/>
  <testcase name="getNombreCompleto" classname="com.sis.Model.UsuarioTest" time="0.008"/>
  <testcase name="usuarioConCamposNulosDeberiaSerValido" classname="com.sis.Model.UsuarioTest" time="0.007"/>
  <testcase name="setCreadoEn" classname="com.sis.Model.UsuarioTest" time="0.002"/>
  <testcase name="getCreadoEn" classname="com.sis.Model.UsuarioTest" time="0.002"/>
  <testcase name="getHash" classname="com.sis.Model.UsuarioTest" time="0.003"/>
  <testcase name="setActivo" classname="com.sis.Model.UsuarioTest" time="0.002"/>
  <testcase name="getId" classname="com.sis.Model.UsuarioTest" time="0.002"/>
  <testcase name="setId" classname="com.sis.Model.UsuarioTest" time="0.002"/>
  <testcase name="setDireccion" classname="com.sis.Model.UsuarioTest" time="0.002"/>
  <testcase name="setNombres" classname="com.sis.Model.UsuarioTest" time="0.001"/>
  <testcase name="getNumeroDocumento" classname="com.sis.Model.UsuarioTest" time="0.002"/>
  <testcase name="getApellidos" classname="com.sis.Model.UsuarioTest" time="0.002"/>
  <testcase name="onCreate" classname="com.sis.Model.UsuarioTest" time="0.002"/>
  <testcase name="todosLosTiposDeDocumentoSonValidos" classname="com.sis.Model.UsuarioTest" time="0.014"/>
  <testcase name="setTipoDocumento" classname="com.sis.Model.UsuarioTest" time="0.002"/>
  <testcase name="setEmail" classname="com.sis.Model.UsuarioTest" time="0.002"/>
  <testcase name="onCreateNoSobrescribeFechaExistente" classname="com.sis.Model.UsuarioTest" time="0.002"/>
  <testcase name="setUsername" classname="com.sis.Model.UsuarioTest" time="0.002"/>
  <testcase name="getNombreCompletoConNombresNulos" classname="com.sis.Model.UsuarioTest" time="0.002"/>
  <testcase name="getUsername" classname="com.sis.Model.UsuarioTest" time="0.001"/>
  <testcase name="setNumeroDocumento" classname="com.sis.Model.UsuarioTest" time="0.002"/>
  <testcase name="getEmail" classname="com.sis.Model.UsuarioTest" time="0.002"/>
  <testcase name="setHash" classname="com.sis.Model.UsuarioTest" time="0.001"/>
  <testcase name="usuarioCompletoDeberiaTenerTodosLosCampos" classname="com.sis.Model.UsuarioTest" time="0.005"/>
</testsuite>